c:\users\swing\documents\school\github'\litetspel\fishbox\fishbox\debug\fishbox.pch
c:\users\swing\documents\school\github'\litetspel\fishbox\fishbox\debug\vc140.pdb
c:\users\swing\documents\school\github'\litetspel\fishbox\fishbox\debug\vc140.idb
c:\users\swing\documents\school\github'\litetspel\fishbox\fishbox\debug\stdafx.obj
c:\users\swing\documents\school\github'\litetspel\fishbox\fishbox\debug\dllmain.obj
c:\users\swing\documents\school\github'\litetspel\fishbox\fishbox\debug\fishbox.obj
c:\users\swing\documents\school\github'\litetspel\fishbox\fishbox\debug\fshmaterial.obj
c:\users\swing\documents\school\github'\litetspel\fishbox\fishbox\debug\fshmesh.obj
c:\users\swing\documents\school\github'\litetspel\fishbox\fishbox\debug\fshmodel.obj
c:\users\swing\documents\school\github'\litetspel\fishbox\debug\fishbox.lib
c:\users\swing\documents\school\github'\litetspel\fishbox\debug\fishbox.exp
c:\users\swing\documents\school\github'\litetspel\fishbox\debug\fishbox.ilk
c:\users\swing\documents\school\github'\litetspel\fishbox\debug\fishbox.dll
c:\users\swing\documents\school\github'\litetspel\fishbox\debug\fishbox.pdb
c:\users\swing\documents\school\github'\litetspel\fishbox\fishbox\debug\fishbox.tlog\cl.command.1.tlog
c:\users\swing\documents\school\github'\litetspel\fishbox\fishbox\debug\fishbox.tlog\cl.read.1.tlog
c:\users\swing\documents\school\github'\litetspel\fishbox\fishbox\debug\fishbox.tlog\cl.write.1.tlog
c:\users\swing\documents\school\github'\litetspel\fishbox\fishbox\debug\fishbox.tlog\fishbox.write.1u.tlog
c:\users\swing\documents\school\github'\litetspel\fishbox\fishbox\debug\fishbox.tlog\link.command.1.tlog
c:\users\swing\documents\school\github'\litetspel\fishbox\fishbox\debug\fishbox.tlog\link.read.1.tlog
c:\users\swing\documents\school\github'\litetspel\fishbox\fishbox\debug\fishbox.tlog\link.write.1.tlog
